<?xml version="1.0" encoding="UTF-8"?>
<!-- Generated by org.testng.reporters.JUnitReportReporter -->
<testsuite hostname="cucumber" failures="0" tests="1" name="com.salesforce.runnerfiles.SalesforceRunner" time="19.209" errors="0" timestamp="2024-02-25T18:54:22 EST" skipped="0">
  <testcase classname="com.salesforce.runnerfiles.SalesforceRunner" name="runScenario" time="19.209"/>
</testsuite> <!-- com.salesforce.runnerfiles.SalesforceRunner -->
