<?xml version="1.0" encoding="UTF-8"?>
<!-- Generated by org.testng.reporters.JUnitReportReporter -->
<testsuite hostname="cucumber" failures="0" tests="1" name="com.salesforce.Login.runnerfile.LoginRunner" time="9.048" errors="0" timestamp="2024-02-21T23:25:31 EST" skipped="0">
  <testcase classname="com.salesforce.Login.runnerfile.LoginRunner" name="runScenario" time="9.048"/>
</testsuite> <!-- com.salesforce.Login.runnerfile.LoginRunner -->
