<?xml version="1.0" encoding="UTF-8"?>
<!-- Generated by org.testng.reporters.JUnitReportReporter -->
<testsuite hostname="cucumber" failures="0" tests="1" name="com.salesforce.runnerfiles.LoginRunner" time="6.589" errors="0" timestamp="2024-02-23T17:29:09 EST" skipped="0">
  <testcase classname="com.salesforce.runnerfiles.LoginRunner" name="runScenario" time="6.589"/>
</testsuite> <!-- com.salesforce.runnerfiles.LoginRunner -->
